<?xml version="1.0" encoding="UTF-8"?>
<testng-results ignored="0" total="1" passed="1" failed="0" skipped="0">
  <reporter-output>
  </reporter-output>
  <suite started-at="2019-03-30T11:31:07Z" name="Default suite" finished-at="2019-03-30T11:31:53Z" duration-ms="45926">
    <groups>
    </groups>
    <test started-at="2019-03-30T11:31:07Z" name="Default test" finished-at="2019-03-30T11:31:53Z" duration-ms="45926">
      <class name="sk.learning.grid.GridTesting">
        <test-method is-config="true" signature="launchapp()[pri:0, instance:sk.learning.grid.GridTesting@24aed80c]" started-at="2019-03-30T11:31:08Z" name="launchapp" finished-at="2019-03-30T11:31:45Z" duration-ms="37120" status="PASS">
          <reporter-output>
          </reporter-output>
        </test-method> <!-- launchapp -->
        <test-method signature="calculation()[pri:0, instance:sk.learning.grid.GridTesting@24aed80c]" started-at="2019-03-30T11:31:45Z" name="calculation" finished-at="2019-03-30T11:31:48Z" duration-ms="3159" status="PASS">
          <reporter-output>
          </reporter-output>
        </test-method> <!-- calculation -->
        <test-method is-config="true" signature="closeBrowser()[pri:0, instance:sk.learning.grid.GridTesting@24aed80c]" started-at="2019-03-30T11:31:48Z" name="closeBrowser" finished-at="2019-03-30T11:31:53Z" duration-ms="5555" status="PASS">
          <reporter-output>
          </reporter-output>
        </test-method> <!-- closeBrowser -->
      </class> <!-- sk.learning.grid.GridTesting -->
    </test> <!-- Default test -->
  </suite> <!-- Default suite -->
</testng-results>
